<html>
<head>
<title>TestNG:  Command line test</title>
<link href="../testng.css" rel="stylesheet" type="text/css" />
<link href="../my-testng.css" rel="stylesheet" type="text/css" />

<style type="text/css">
.log { display: none;} 
.stack-trace { display: none;} 
</style>
<script type="text/javascript">
<!--
function flip(e) {
  current = e.style.display;
  if (current == 'block') {
    e.style.display = 'none';
    return 0;
  }
  else {
    e.style.display = 'block';
    return 1;
  }
}

function toggleBox(szDivId, elem, msg1, msg2)
{
  var res = -1;  if (document.getElementById) {
    res = flip(document.getElementById(szDivId));
  }
  else if (document.all) {
    // this is the way old msie versions work
    res = flip(document.all[szDivId]);
  }
  if(elem) {
    if(res == 0) elem.innerHTML = msg1; else elem.innerHTML = msg2;
  }

}

function toggleAllBoxes() {
  if (document.getElementsByTagName) {
    d = document.getElementsByTagName('div');
    for (i = 0; i < d.length; i++) {
      if (d[i].className == 'log') {
        flip(d[i]);
      }
    }
  }
}

// -->
</script>

</head>
<body>
<h2 align='center'>Command line test</h2><table border='1' align="center">
<tr>
<td>Tests passed/Failed/Skipped:</td><td>55/0/0</td>
</tr><tr>
<td>Started on:</td><td>Mon May 13 13:11:40 GMT 2013</td>
</tr>
<tr><td>Total time:</td><td>0 seconds (980 ms)</td>
</tr><tr>
<td>Included groups:</td><td></td>
</tr><tr>
<td>Excluded groups:</td><td></td>
</tr>
</table><p/>
<small><i>(Hover the method name to see the test class name)</i></small><p/>
<table width='100%' border='1' class='invocation-passed'>
<tr><td colspan='4' align='center'><b>PASSED TESTS</b></td></tr>
<tr><td><b>Test method</b></td>
<td width="30%"><b>Exception</b></td>
<td width="10%"><b>Time (seconds)</b></td>
<td><b>Instance</b></td>
</tr>
<tr>
<td title='org.artifactory.api.security.UserInfoTest.addRemoveGroup()'><b>addRemoveGroup</b><br>Test class: org.artifactory.api.security.UserInfoTest</td>
<td></td>
<td>0</td>
<td>org.artifactory.api.security.UserInfoTest@77b22abc</td></tr>
<tr>
<td title='org.artifactory.api.security.AceInfoTest.adminMaskOnly()'><b>adminMaskOnly</b><br>Test class: org.artifactory.api.security.AceInfoTest</td>
<td></td>
<td>0</td>
<td>org.artifactory.api.security.AceInfoTest@3ed9a7a6</td></tr>
<tr>
<td title='org.artifactory.api.security.AceInfoTest.allMasks()'><b>allMasks</b><br>Test class: org.artifactory.api.security.AceInfoTest</td>
<td></td>
<td>0</td>
<td>org.artifactory.api.security.AceInfoTest@3ed9a7a6</td></tr>
<tr>
<td title='org.artifactory.api.security.AceInfoTest.annotatorMaskOnly()'><b>annotatorMaskOnly</b><br>Test class: org.artifactory.api.security.AceInfoTest</td>
<td></td>
<td>0</td>
<td>org.artifactory.api.security.AceInfoTest@3ed9a7a6</td></tr>
<tr>
<td title='org.artifactory.model.common.RepoPathTest.archiveResourcePath()'><b>archiveResourcePath</b><br>Test class: org.artifactory.model.common.RepoPathTest</td>
<td></td>
<td>0</td>
<td>org.artifactory.model.common.RepoPathTest@154f6d51</td></tr>
<tr>
<td title='org.artifactory.model.common.RepoPathTest.archiveResourcePathLeadingSlash()'><b>archiveResourcePathLeadingSlash</b><br>Test class: org.artifactory.model.common.RepoPathTest</td>
<td></td>
<td>0</td>
<td>org.artifactory.model.common.RepoPathTest@154f6d51</td></tr>
<tr>
<td title='org.artifactory.api.fs.ZipEntriesTreeTest.buildTree()'><b>buildTree</b><br>Test class: org.artifactory.api.fs.ZipEntriesTreeTest</td>
<td></td>
<td>0</td>
<td>org.artifactory.api.fs.ZipEntriesTreeTest@3c5310e4</td></tr>
<tr>
<td title='org.artifactory.repo.InternalRepoPathFactoryTest.cacheRepoPathFromCache()'><b>cacheRepoPathFromCache</b><br>Test class: org.artifactory.repo.InternalRepoPathFactoryTest</td>
<td></td>
<td>0</td>
<td>org.artifactory.repo.InternalRepoPathFactoryTest@138c3c8f</td></tr>
<tr>
<td title='org.artifactory.repo.InternalRepoPathFactoryTest.cacheRepoPathFromRemote()'><b>cacheRepoPathFromRemote</b><br>Test class: org.artifactory.repo.InternalRepoPathFactoryTest</td>
<td></td>
<td>0</td>
<td>org.artifactory.repo.InternalRepoPathFactoryTest@138c3c8f</td></tr>
<tr>
<td title='org.artifactory.repo.InternalRepoPathFactoryTest.cacheRepoPathFromRootRepoPath()'><b>cacheRepoPathFromRootRepoPath</b><br>Test class: org.artifactory.repo.InternalRepoPathFactoryTest</td>
<td></td>
<td>0</td>
<td>org.artifactory.repo.InternalRepoPathFactoryTest@138c3c8f</td></tr>
<tr>
<td title='org.artifactory.api.security.AceInfoTest.copyConstructor()'><b>copyConstructor</b><br>Test class: org.artifactory.api.security.AceInfoTest</td>
<td></td>
<td>0</td>
<td>org.artifactory.api.security.AceInfoTest@3ed9a7a6</td></tr>
<tr>
<td title='org.artifactory.api.fs.FileAdditionalInfoTest.copyConstructor()'><b>copyConstructor</b><br>Test class: org.artifactory.api.fs.FileAdditionalInfoTest</td>
<td></td>
<td>0</td>
<td>org.artifactory.api.fs.FileAdditionalInfoTest@41aa7618</td></tr>
<tr>
<td title='org.artifactory.api.security.GroupInfoTest.copyConstructor()'><b>copyConstructor</b><br>Test class: org.artifactory.api.security.GroupInfoTest</td>
<td></td>
<td>0</td>
<td>org.artifactory.api.security.GroupInfoTest@462938d8</td></tr>
<tr>
<td title='org.artifactory.api.security.PermissionTargetInfoTest.copyConstructor()'><b>copyConstructor</b><br>Test class: org.artifactory.api.security.PermissionTargetInfoTest</td>
<td></td>
<td>0</td>
<td>org.artifactory.api.security.PermissionTargetInfoTest@17cdc4a5</td></tr>
<tr>
<td title='org.artifactory.api.security.UserInfoTest.copyConstructor()'><b>copyConstructor</b><br>Test class: org.artifactory.api.security.UserInfoTest</td>
<td></td>
<td>0</td>
<td>org.artifactory.api.security.UserInfoTest@77b22abc</td></tr>
<tr>
<td title='org.artifactory.api.security.AceInfoTest.copyConstructorReflectionEquality()'><b>copyConstructorReflectionEquality</b><br>Test class: org.artifactory.api.security.AceInfoTest</td>
<td></td>
<td>0</td>
<td>org.artifactory.api.security.AceInfoTest@3ed9a7a6</td></tr>
<tr>
<td title='org.artifactory.api.security.PermissionTargetInfoTest.copyConstructorReflectionEquality()'><b>copyConstructorReflectionEquality</b><br>Test class: org.artifactory.api.security.PermissionTargetInfoTest</td>
<td></td>
<td>0</td>
<td>org.artifactory.api.security.PermissionTargetInfoTest@17cdc4a5</td></tr>
<tr>
<td title='org.artifactory.api.security.PermissionTargetInfoTest.createWithIncluesAndExcludesPatterns()'><b>createWithIncluesAndExcludesPatterns</b><br>Test class: org.artifactory.api.security.PermissionTargetInfoTest</td>
<td></td>
<td>0</td>
<td>org.artifactory.api.security.PermissionTargetInfoTest@17cdc4a5</td></tr>
<tr>
<td title='org.artifactory.api.security.PermissionTargetInfoTest.createWithNoIncluesExcludesPatterns()'><b>createWithNoIncluesExcludesPatterns</b><br>Test class: org.artifactory.api.security.PermissionTargetInfoTest</td>
<td></td>
<td>0</td>
<td>org.artifactory.api.security.PermissionTargetInfoTest@17cdc4a5</td></tr>
<tr>
<td title='org.artifactory.api.fs.FileAdditionalInfoTest.defaultConstructor()'><b>defaultConstructor</b><br>Test class: org.artifactory.api.fs.FileAdditionalInfoTest</td>
<td></td>
<td>0</td>
<td>org.artifactory.api.fs.FileAdditionalInfoTest@41aa7618</td></tr>
<tr>
<td title='org.artifactory.api.security.GroupInfoTest.defaultConstructor()'><b>defaultConstructor</b><br>Test class: org.artifactory.api.security.GroupInfoTest</td>
<td></td>
<td>0</td>
<td>org.artifactory.api.security.GroupInfoTest@462938d8</td></tr>
<tr>
<td title='org.artifactory.api.security.AceInfoTest.deleterMaskOnly()'><b>deleterMaskOnly</b><br>Test class: org.artifactory.api.security.AceInfoTest</td>
<td></td>
<td>0</td>
<td>org.artifactory.api.security.AceInfoTest@3ed9a7a6</td></tr>
<tr>
<td title='org.artifactory.api.security.AceInfoTest.deployerMaskOnly()'><b>deployerMaskOnly</b><br>Test class: org.artifactory.api.security.AceInfoTest</td>
<td></td>
<td>0</td>
<td>org.artifactory.api.security.AceInfoTest@3ed9a7a6</td></tr>
<tr>
<td title='org.artifactory.api.fs.FileInfoImplTest.differentChecksumNotIdentical()'><b>differentChecksumNotIdentical</b><br>Test class: org.artifactory.api.fs.FileInfoImplTest</td>
<td></td>
<td>0</td>
<td>org.artifactory.api.fs.FileInfoImplTest@5bdbda4f</td></tr>
<tr>
<td title='org.artifactory.storage.StoragePropertiesTest.failUnsupportedDatabaseType()'><b>failUnsupportedDatabaseType</b><br>Test class: org.artifactory.storage.StoragePropertiesTest</td>
<td><div><pre>java.lang.IllegalArgumentException: Couldn&apos;t find db type matching the name &apos;Space&apos;
	at org.artifactory.storage.db.DbType.parse(DbType.java:36)
	at org.artifactory.storage.StorageProperties.getDbType(StorageProperties.java:61)
	at org.artifactory.storage.StorageProperties.&lt;init&gt;(StorageProperties.java:57)
	at org.artifactory.storage.StoragePropertiesTest.failUnsupportedDatabaseType(StoragePropertiesTest.java:41)
	at org.apache.maven.surefire.testng.TestNGExecutor.run(TestNGExecutor.java:77)
	at org.apache.maven.surefire.testng.TestNGDirectoryTestSuite.executeMulti(TestNGDirectoryTestSuite.java:189)
	at org.apache.maven.surefire.testng.TestNGDirectoryTestSuite.execute(TestNGDirectoryTestSuite.java:105)
	at org.apache.maven.surefire.testng.TestNGProvider.invoke(TestNGProvider.java:117)
	at org.apache.maven.surefire.util.ReflectionUtils.invokeMethodWithArray2(ReflectionUtils.java:208)
	at org.apache.maven.surefire.booter.ProviderFactory$ProviderProxy.invoke(ProviderFactory.java:158)
	at org.apache.maven.surefire.booter.ProviderFactory.invokeProvider(ProviderFactory.java:86)
	at org.apache.maven.surefire.booter.ForkedBooter.runSuitesInProcess(ForkedBooter.java:153)
	at org.apache.maven.surefire.booter.ForkedBooter.main(ForkedBooter.java:95)
... Removed 25 stack frames</pre></div><a href='#' onClick='toggleBox("stack-trace1304578585", this, "Click to show all stack frames", "Click to hide stack frames")'>Click to show all stack frames</a>
<div class='stack-trace' id='stack-trace1304578585'><pre>java.lang.IllegalArgumentException: Couldn&apos;t find db type matching the name &apos;Space&apos;
	at org.artifactory.storage.db.DbType.parse(DbType.java:36)
	at org.artifactory.storage.StorageProperties.getDbType(StorageProperties.java:61)
	at org.artifactory.storage.StorageProperties.&lt;init&gt;(StorageProperties.java:57)
	at org.artifactory.storage.StoragePropertiesTest.failUnsupportedDatabaseType(StoragePropertiesTest.java:41)
	at sun.reflect.NativeMethodAccessorImpl.invoke0(Native Method)
	at sun.reflect.NativeMethodAccessorImpl.invoke(NativeMethodAccessorImpl.java:57)
	at sun.reflect.DelegatingMethodAccessorImpl.invoke(DelegatingMethodAccessorImpl.java:43)
	at java.lang.reflect.Method.invoke(Method.java:601)
	at org.testng.internal.MethodInvocationHelper.invokeMethod(MethodInvocationHelper.java:80)
	at org.testng.internal.Invoker.invokeMethod(Invoker.java:714)
	at org.testng.internal.Invoker.invokeTestMethod(Invoker.java:901)
	at org.testng.internal.Invoker.invokeTestMethods(Invoker.java:1231)
	at org.testng.internal.TestMethodWorker.invokeTestMethods(TestMethodWorker.java:127)
	at org.testng.internal.TestMethodWorker.run(TestMethodWorker.java:111)
	at org.testng.TestRunner.privateRun(TestRunner.java:767)
	at org.testng.TestRunner.run(TestRunner.java:617)
	at org.testng.SuiteRunner.runTest(SuiteRunner.java:334)
	at org.testng.SuiteRunner.runSequentially(SuiteRunner.java:329)
	at org.testng.SuiteRunner.privateRun(SuiteRunner.java:291)
	at org.testng.SuiteRunner.run(SuiteRunner.java:240)
	at org.testng.SuiteRunnerWorker.runSuite(SuiteRunnerWorker.java:52)
	at org.testng.SuiteRunnerWorker.run(SuiteRunnerWorker.java:86)
	at org.testng.TestNG.runSuitesSequentially(TestNG.java:1198)
	at org.testng.TestNG.runSuitesLocally(TestNG.java:1123)
	at org.testng.TestNG.run(TestNG.java:1031)
	at org.apache.maven.surefire.testng.TestNGExecutor.run(TestNGExecutor.java:77)
	at org.apache.maven.surefire.testng.TestNGDirectoryTestSuite.executeMulti(TestNGDirectoryTestSuite.java:189)
	at org.apache.maven.surefire.testng.TestNGDirectoryTestSuite.execute(TestNGDirectoryTestSuite.java:105)
	at org.apache.maven.surefire.testng.TestNGProvider.invoke(TestNGProvider.java:117)
	at sun.reflect.NativeMethodAccessorImpl.invoke0(Native Method)
	at sun.reflect.NativeMethodAccessorImpl.invoke(NativeMethodAccessorImpl.java:57)
	at sun.reflect.DelegatingMethodAccessorImpl.invoke(DelegatingMethodAccessorImpl.java:43)
	at java.lang.reflect.Method.invoke(Method.java:601)
	at org.apache.maven.surefire.util.ReflectionUtils.invokeMethodWithArray2(ReflectionUtils.java:208)
	at org.apache.maven.surefire.booter.ProviderFactory$ProviderProxy.invoke(ProviderFactory.java:158)
	at org.apache.maven.surefire.booter.ProviderFactory.invokeProvider(ProviderFactory.java:86)
	at org.apache.maven.surefire.booter.ForkedBooter.runSuitesInProcess(ForkedBooter.java:153)
	at org.apache.maven.surefire.booter.ForkedBooter.main(ForkedBooter.java:95)
</pre></div></td>
<td>0</td>
<td>org.artifactory.storage.StoragePropertiesTest@67eb2e9f</td></tr>
<tr>
<td title='org.artifactory.storage.fs.tree.file.JavaIOFileAdapterTest.fileInfoAdapter()'><b>fileInfoAdapter</b><br>Test class: org.artifactory.storage.fs.tree.file.JavaIOFileAdapterTest</td>
<td></td>
<td>0</td>
<td>org.artifactory.storage.fs.tree.file.JavaIOFileAdapterTest@5901d85a</td></tr>
<tr>
<td title='org.artifactory.storage.fs.tree.file.JavaIOFileAdapterTest.folderInfoAdapter()'><b>folderInfoAdapter</b><br>Test class: org.artifactory.storage.fs.tree.file.JavaIOFileAdapterTest</td>
<td></td>
<td>0</td>
<td>org.artifactory.storage.fs.tree.file.JavaIOFileAdapterTest@5901d85a</td></tr>
<tr>
<td title='org.artifactory.util.RepoPathUtilsTest.getAncestorBeyondRoot()'><b>getAncestorBeyondRoot</b><br>Test class: org.artifactory.util.RepoPathUtilsTest</td>
<td></td>
<td>0</td>
<td>org.artifactory.util.RepoPathUtilsTest@5213da08</td></tr>
<tr>
<td title='org.artifactory.util.RepoPathUtilsTest.getAncestorGrandParent()'><b>getAncestorGrandParent</b><br>Test class: org.artifactory.util.RepoPathUtilsTest</td>
<td></td>
<td>0</td>
<td>org.artifactory.util.RepoPathUtilsTest@5213da08</td></tr>
<tr>
<td title='org.artifactory.util.RepoPathUtilsTest.getAncestorOfRoot()'><b>getAncestorOfRoot</b><br>Test class: org.artifactory.util.RepoPathUtilsTest</td>
<td></td>
<td>0</td>
<td>org.artifactory.util.RepoPathUtilsTest@5213da08</td></tr>
<tr>
<td title='org.artifactory.util.RepoPathUtilsTest.getAncestorParent()'><b>getAncestorParent</b><br>Test class: org.artifactory.util.RepoPathUtilsTest</td>
<td></td>
<td>0</td>
<td>org.artifactory.util.RepoPathUtilsTest@5213da08</td></tr>
<tr>
<td title='org.artifactory.model.common.RepoPathTest.getParentRepoPathForRoot()'><b>getParentRepoPathForRoot</b><br>Test class: org.artifactory.model.common.RepoPathTest</td>
<td></td>
<td>0</td>
<td>org.artifactory.model.common.RepoPathTest@154f6d51</td></tr>
<tr>
<td title='org.artifactory.model.common.RepoPathTest.getParentRepoPathLastParent()'><b>getParentRepoPathLastParent</b><br>Test class: org.artifactory.model.common.RepoPathTest</td>
<td></td>
<td>0</td>
<td>org.artifactory.model.common.RepoPathTest@154f6d51</td></tr>
<tr>
<td title='org.artifactory.model.common.RepoPathTest.getParentRepoPathWithNoParent()'><b>getParentRepoPathWithNoParent</b><br>Test class: org.artifactory.model.common.RepoPathTest</td>
<td></td>
<td>0</td>
<td>org.artifactory.model.common.RepoPathTest@154f6d51</td></tr>
<tr>
<td title='org.artifactory.model.common.RepoPathTest.getParentRepoPathWithParent()'><b>getParentRepoPathWithParent</b><br>Test class: org.artifactory.model.common.RepoPathTest</td>
<td></td>
<td>0</td>
<td>org.artifactory.model.common.RepoPathTest@154f6d51</td></tr>
<tr>
<td title='org.artifactory.model.xstream.fs.PropertiesImplTest.isEmpty()'><b>isEmpty</b><br>Test class: org.artifactory.model.xstream.fs.PropertiesImplTest</td>
<td></td>
<td>0</td>
<td>org.artifactory.model.xstream.fs.PropertiesImplTest@577f5229</td></tr>
<tr>
<td title='org.artifactory.model.xstream.fs.PropertiesImplTest.isEmptyAndNormalProperty()'><b>isEmptyAndNormalProperty</b><br>Test class: org.artifactory.model.xstream.fs.PropertiesImplTest</td>
<td></td>
<td>0</td>
<td>org.artifactory.model.xstream.fs.PropertiesImplTest@577f5229</td></tr>
<tr>
<td title='org.artifactory.storage.StoragePropertiesTest.minimalPropertiesFile()'><b>minimalPropertiesFile</b><br>Test class: org.artifactory.storage.StoragePropertiesTest</td>
<td></td>
<td>0</td>
<td>org.artifactory.storage.StoragePropertiesTest@67eb2e9f</td></tr>
<tr>
<td title='org.artifactory.storage.StoragePropertiesTest.minimalWithCacheSize()'><b>minimalWithCacheSize</b><br>Test class: org.artifactory.storage.StoragePropertiesTest</td>
<td></td>
<td>0</td>
<td>org.artifactory.storage.StoragePropertiesTest@67eb2e9f</td></tr>
<tr>
<td title='org.artifactory.storage.db.DbTypeTest.parseEmpty()'><b>parseEmpty</b><br>Test class: org.artifactory.storage.db.DbTypeTest</td>
<td><div><pre>java.lang.IllegalArgumentException: Couldn&apos;t find db type matching the name &apos;&apos;
	at org.artifactory.storage.db.DbType.parse(DbType.java:36)
	at org.artifactory.storage.db.DbTypeTest.parseEmpty(DbTypeTest.java:48)
	at org.apache.maven.surefire.testng.TestNGExecutor.run(TestNGExecutor.java:77)
	at org.apache.maven.surefire.testng.TestNGDirectoryTestSuite.executeMulti(TestNGDirectoryTestSuite.java:189)
	at org.apache.maven.surefire.testng.TestNGDirectoryTestSuite.execute(TestNGDirectoryTestSuite.java:105)
	at org.apache.maven.surefire.testng.TestNGProvider.invoke(TestNGProvider.java:117)
	at org.apache.maven.surefire.util.ReflectionUtils.invokeMethodWithArray2(ReflectionUtils.java:208)
	at org.apache.maven.surefire.booter.ProviderFactory$ProviderProxy.invoke(ProviderFactory.java:158)
	at org.apache.maven.surefire.booter.ProviderFactory.invokeProvider(ProviderFactory.java:86)
	at org.apache.maven.surefire.booter.ForkedBooter.runSuitesInProcess(ForkedBooter.java:153)
	at org.apache.maven.surefire.booter.ForkedBooter.main(ForkedBooter.java:95)
... Removed 25 stack frames</pre></div><a href='#' onClick='toggleBox("stack-trace1587010271", this, "Click to show all stack frames", "Click to hide stack frames")'>Click to show all stack frames</a>
<div class='stack-trace' id='stack-trace1587010271'><pre>java.lang.IllegalArgumentException: Couldn&apos;t find db type matching the name &apos;&apos;
	at org.artifactory.storage.db.DbType.parse(DbType.java:36)
	at org.artifactory.storage.db.DbTypeTest.parseEmpty(DbTypeTest.java:48)
	at sun.reflect.NativeMethodAccessorImpl.invoke0(Native Method)
	at sun.reflect.NativeMethodAccessorImpl.invoke(NativeMethodAccessorImpl.java:57)
	at sun.reflect.DelegatingMethodAccessorImpl.invoke(DelegatingMethodAccessorImpl.java:43)
	at java.lang.reflect.Method.invoke(Method.java:601)
	at org.testng.internal.MethodInvocationHelper.invokeMethod(MethodInvocationHelper.java:80)
	at org.testng.internal.Invoker.invokeMethod(Invoker.java:714)
	at org.testng.internal.Invoker.invokeTestMethod(Invoker.java:901)
	at org.testng.internal.Invoker.invokeTestMethods(Invoker.java:1231)
	at org.testng.internal.TestMethodWorker.invokeTestMethods(TestMethodWorker.java:127)
	at org.testng.internal.TestMethodWorker.run(TestMethodWorker.java:111)
	at org.testng.TestRunner.privateRun(TestRunner.java:767)
	at org.testng.TestRunner.run(TestRunner.java:617)
	at org.testng.SuiteRunner.runTest(SuiteRunner.java:334)
	at org.testng.SuiteRunner.runSequentially(SuiteRunner.java:329)
	at org.testng.SuiteRunner.privateRun(SuiteRunner.java:291)
	at org.testng.SuiteRunner.run(SuiteRunner.java:240)
	at org.testng.SuiteRunnerWorker.runSuite(SuiteRunnerWorker.java:52)
	at org.testng.SuiteRunnerWorker.run(SuiteRunnerWorker.java:86)
	at org.testng.TestNG.runSuitesSequentially(TestNG.java:1198)
	at org.testng.TestNG.runSuitesLocally(TestNG.java:1123)
	at org.testng.TestNG.run(TestNG.java:1031)
	at org.apache.maven.surefire.testng.TestNGExecutor.run(TestNGExecutor.java:77)
	at org.apache.maven.surefire.testng.TestNGDirectoryTestSuite.executeMulti(TestNGDirectoryTestSuite.java:189)
	at org.apache.maven.surefire.testng.TestNGDirectoryTestSuite.execute(TestNGDirectoryTestSuite.java:105)
	at org.apache.maven.surefire.testng.TestNGProvider.invoke(TestNGProvider.java:117)
	at sun.reflect.NativeMethodAccessorImpl.invoke0(Native Method)
	at sun.reflect.NativeMethodAccessorImpl.invoke(NativeMethodAccessorImpl.java:57)
	at sun.reflect.DelegatingMethodAccessorImpl.invoke(DelegatingMethodAccessorImpl.java:43)
	at java.lang.reflect.Method.invoke(Method.java:601)
	at org.apache.maven.surefire.util.ReflectionUtils.invokeMethodWithArray2(ReflectionUtils.java:208)
	at org.apache.maven.surefire.booter.ProviderFactory$ProviderProxy.invoke(ProviderFactory.java:158)
	at org.apache.maven.surefire.booter.ProviderFactory.invokeProvider(ProviderFactory.java:86)
	at org.apache.maven.surefire.booter.ForkedBooter.runSuitesInProcess(ForkedBooter.java:153)
	at org.apache.maven.surefire.booter.ForkedBooter.main(ForkedBooter.java:95)
</pre></div></td>
<td>0</td>
<td>org.artifactory.storage.db.DbTypeTest@28de768</td></tr>
<tr>
<td title='org.artifactory.storage.db.DbTypeTest.parseNotSupported()'><b>parseNotSupported</b><br>Test class: org.artifactory.storage.db.DbTypeTest</td>
<td><div><pre>java.lang.IllegalArgumentException: Couldn&apos;t find db type matching the name &apos;nosql&apos;
	at org.artifactory.storage.db.DbType.parse(DbType.java:36)
	at org.artifactory.storage.db.DbTypeTest.parseNotSupported(DbTypeTest.java:53)
	at org.apache.maven.surefire.testng.TestNGExecutor.run(TestNGExecutor.java:77)
	at org.apache.maven.surefire.testng.TestNGDirectoryTestSuite.executeMulti(TestNGDirectoryTestSuite.java:189)
	at org.apache.maven.surefire.testng.TestNGDirectoryTestSuite.execute(TestNGDirectoryTestSuite.java:105)
	at org.apache.maven.surefire.testng.TestNGProvider.invoke(TestNGProvider.java:117)
	at org.apache.maven.surefire.util.ReflectionUtils.invokeMethodWithArray2(ReflectionUtils.java:208)
	at org.apache.maven.surefire.booter.ProviderFactory$ProviderProxy.invoke(ProviderFactory.java:158)
	at org.apache.maven.surefire.booter.ProviderFactory.invokeProvider(ProviderFactory.java:86)
	at org.apache.maven.surefire.booter.ForkedBooter.runSuitesInProcess(ForkedBooter.java:153)
	at org.apache.maven.surefire.booter.ForkedBooter.main(ForkedBooter.java:95)
... Removed 25 stack frames</pre></div><a href='#' onClick='toggleBox("stack-trace1134728957", this, "Click to show all stack frames", "Click to hide stack frames")'>Click to show all stack frames</a>
<div class='stack-trace' id='stack-trace1134728957'><pre>java.lang.IllegalArgumentException: Couldn&apos;t find db type matching the name &apos;nosql&apos;
	at org.artifactory.storage.db.DbType.parse(DbType.java:36)
	at org.artifactory.storage.db.DbTypeTest.parseNotSupported(DbTypeTest.java:53)
	at sun.reflect.NativeMethodAccessorImpl.invoke0(Native Method)
	at sun.reflect.NativeMethodAccessorImpl.invoke(NativeMethodAccessorImpl.java:57)
	at sun.reflect.DelegatingMethodAccessorImpl.invoke(DelegatingMethodAccessorImpl.java:43)
	at java.lang.reflect.Method.invoke(Method.java:601)
	at org.testng.internal.MethodInvocationHelper.invokeMethod(MethodInvocationHelper.java:80)
	at org.testng.internal.Invoker.invokeMethod(Invoker.java:714)
	at org.testng.internal.Invoker.invokeTestMethod(Invoker.java:901)
	at org.testng.internal.Invoker.invokeTestMethods(Invoker.java:1231)
	at org.testng.internal.TestMethodWorker.invokeTestMethods(TestMethodWorker.java:127)
	at org.testng.internal.TestMethodWorker.run(TestMethodWorker.java:111)
	at org.testng.TestRunner.privateRun(TestRunner.java:767)
	at org.testng.TestRunner.run(TestRunner.java:617)
	at org.testng.SuiteRunner.runTest(SuiteRunner.java:334)
	at org.testng.SuiteRunner.runSequentially(SuiteRunner.java:329)
	at org.testng.SuiteRunner.privateRun(SuiteRunner.java:291)
	at org.testng.SuiteRunner.run(SuiteRunner.java:240)
	at org.testng.SuiteRunnerWorker.runSuite(SuiteRunnerWorker.java:52)
	at org.testng.SuiteRunnerWorker.run(SuiteRunnerWorker.java:86)
	at org.testng.TestNG.runSuitesSequentially(TestNG.java:1198)
	at org.testng.TestNG.runSuitesLocally(TestNG.java:1123)
	at org.testng.TestNG.run(TestNG.java:1031)
	at org.apache.maven.surefire.testng.TestNGExecutor.run(TestNGExecutor.java:77)
	at org.apache.maven.surefire.testng.TestNGDirectoryTestSuite.executeMulti(TestNGDirectoryTestSuite.java:189)
	at org.apache.maven.surefire.testng.TestNGDirectoryTestSuite.execute(TestNGDirectoryTestSuite.java:105)
	at org.apache.maven.surefire.testng.TestNGProvider.invoke(TestNGProvider.java:117)
	at sun.reflect.NativeMethodAccessorImpl.invoke0(Native Method)
	at sun.reflect.NativeMethodAccessorImpl.invoke(NativeMethodAccessorImpl.java:57)
	at sun.reflect.DelegatingMethodAccessorImpl.invoke(DelegatingMethodAccessorImpl.java:43)
	at java.lang.reflect.Method.invoke(Method.java:601)
	at org.apache.maven.surefire.util.ReflectionUtils.invokeMethodWithArray2(ReflectionUtils.java:208)
	at org.apache.maven.surefire.booter.ProviderFactory$ProviderProxy.invoke(ProviderFactory.java:158)
	at org.apache.maven.surefire.booter.ProviderFactory.invokeProvider(ProviderFactory.java:86)
	at org.apache.maven.surefire.booter.ForkedBooter.runSuitesInProcess(ForkedBooter.java:153)
	at org.apache.maven.surefire.booter.ForkedBooter.main(ForkedBooter.java:95)
</pre></div></td>
<td>0</td>
<td>org.artifactory.storage.db.DbTypeTest@28de768</td></tr>
<tr>
<td title='org.artifactory.storage.db.DbTypeTest.parseNull()'><b>parseNull</b><br>Test class: org.artifactory.storage.db.DbTypeTest</td>
<td><div><pre>java.lang.IllegalArgumentException: Couldn&apos;t find db type matching the name &apos;null&apos;
	at org.artifactory.storage.db.DbType.parse(DbType.java:36)
	at org.artifactory.storage.db.DbTypeTest.parseNull(DbTypeTest.java:43)
	at org.apache.maven.surefire.testng.TestNGExecutor.run(TestNGExecutor.java:77)
	at org.apache.maven.surefire.testng.TestNGDirectoryTestSuite.executeMulti(TestNGDirectoryTestSuite.java:189)
	at org.apache.maven.surefire.testng.TestNGDirectoryTestSuite.execute(TestNGDirectoryTestSuite.java:105)
	at org.apache.maven.surefire.testng.TestNGProvider.invoke(TestNGProvider.java:117)
	at org.apache.maven.surefire.util.ReflectionUtils.invokeMethodWithArray2(ReflectionUtils.java:208)
	at org.apache.maven.surefire.booter.ProviderFactory$ProviderProxy.invoke(ProviderFactory.java:158)
	at org.apache.maven.surefire.booter.ProviderFactory.invokeProvider(ProviderFactory.java:86)
	at org.apache.maven.surefire.booter.ForkedBooter.runSuitesInProcess(ForkedBooter.java:153)
	at org.apache.maven.surefire.booter.ForkedBooter.main(ForkedBooter.java:95)
... Removed 25 stack frames</pre></div><a href='#' onClick='toggleBox("stack-trace1734794939", this, "Click to show all stack frames", "Click to hide stack frames")'>Click to show all stack frames</a>
<div class='stack-trace' id='stack-trace1734794939'><pre>java.lang.IllegalArgumentException: Couldn&apos;t find db type matching the name &apos;null&apos;
	at org.artifactory.storage.db.DbType.parse(DbType.java:36)
	at org.artifactory.storage.db.DbTypeTest.parseNull(DbTypeTest.java:43)
	at sun.reflect.NativeMethodAccessorImpl.invoke0(Native Method)
	at sun.reflect.NativeMethodAccessorImpl.invoke(NativeMethodAccessorImpl.java:57)
	at sun.reflect.DelegatingMethodAccessorImpl.invoke(DelegatingMethodAccessorImpl.java:43)
	at java.lang.reflect.Method.invoke(Method.java:601)
	at org.testng.internal.MethodInvocationHelper.invokeMethod(MethodInvocationHelper.java:80)
	at org.testng.internal.Invoker.invokeMethod(Invoker.java:714)
	at org.testng.internal.Invoker.invokeTestMethod(Invoker.java:901)
	at org.testng.internal.Invoker.invokeTestMethods(Invoker.java:1231)
	at org.testng.internal.TestMethodWorker.invokeTestMethods(TestMethodWorker.java:127)
	at org.testng.internal.TestMethodWorker.run(TestMethodWorker.java:111)
	at org.testng.TestRunner.privateRun(TestRunner.java:767)
	at org.testng.TestRunner.run(TestRunner.java:617)
	at org.testng.SuiteRunner.runTest(SuiteRunner.java:334)
	at org.testng.SuiteRunner.runSequentially(SuiteRunner.java:329)
	at org.testng.SuiteRunner.privateRun(SuiteRunner.java:291)
	at org.testng.SuiteRunner.run(SuiteRunner.java:240)
	at org.testng.SuiteRunnerWorker.runSuite(SuiteRunnerWorker.java:52)
	at org.testng.SuiteRunnerWorker.run(SuiteRunnerWorker.java:86)
	at org.testng.TestNG.runSuitesSequentially(TestNG.java:1198)
	at org.testng.TestNG.runSuitesLocally(TestNG.java:1123)
	at org.testng.TestNG.run(TestNG.java:1031)
	at org.apache.maven.surefire.testng.TestNGExecutor.run(TestNGExecutor.java:77)
	at org.apache.maven.surefire.testng.TestNGDirectoryTestSuite.executeMulti(TestNGDirectoryTestSuite.java:189)
	at org.apache.maven.surefire.testng.TestNGDirectoryTestSuite.execute(TestNGDirectoryTestSuite.java:105)
	at org.apache.maven.surefire.testng.TestNGProvider.invoke(TestNGProvider.java:117)
	at sun.reflect.NativeMethodAccessorImpl.invoke0(Native Method)
	at sun.reflect.NativeMethodAccessorImpl.invoke(NativeMethodAccessorImpl.java:57)
	at sun.reflect.DelegatingMethodAccessorImpl.invoke(DelegatingMethodAccessorImpl.java:43)
	at java.lang.reflect.Method.invoke(Method.java:601)
	at org.apache.maven.surefire.util.ReflectionUtils.invokeMethodWithArray2(ReflectionUtils.java:208)
	at org.apache.maven.surefire.booter.ProviderFactory$ProviderProxy.invoke(ProviderFactory.java:158)
	at org.apache.maven.surefire.booter.ProviderFactory.invokeProvider(ProviderFactory.java:86)
	at org.apache.maven.surefire.booter.ForkedBooter.runSuitesInProcess(ForkedBooter.java:153)
	at org.apache.maven.surefire.booter.ForkedBooter.main(ForkedBooter.java:95)
</pre></div></td>
<td>0</td>
<td>org.artifactory.storage.db.DbTypeTest@28de768</td></tr>
<tr>
<td title='org.artifactory.storage.db.DbTypeTest.parseSupported()'><b>parseSupported</b><br>Test class: org.artifactory.storage.db.DbTypeTest</td>
<td></td>
<td>0</td>
<td>org.artifactory.storage.db.DbTypeTest@28de768</td></tr>
<tr>
<td title='org.artifactory.storage.db.DbTypeTest.parseSupportedCapitals()'><b>parseSupportedCapitals</b><br>Test class: org.artifactory.storage.db.DbTypeTest</td>
<td></td>
<td>0</td>
<td>org.artifactory.storage.db.DbTypeTest@28de768</td></tr>
<tr>
<td title='org.artifactory.api.security.AceInfoTest.readerMaskOnly()'><b>readerMaskOnly</b><br>Test class: org.artifactory.api.security.AceInfoTest</td>
<td></td>
<td>0</td>
<td>org.artifactory.api.security.AceInfoTest@3ed9a7a6</td></tr>
<tr>
<td title='org.artifactory.model.common.RepoPathTest.repoRootPath()'><b>repoRootPath</b><br>Test class: org.artifactory.model.common.RepoPathTest</td>
<td></td>
<td>0</td>
<td>org.artifactory.model.common.RepoPathTest@154f6d51</td></tr>
<tr>
<td title='org.artifactory.model.common.RepoPathTest.rootPath()'><b>rootPath</b><br>Test class: org.artifactory.model.common.RepoPathTest</td>
<td></td>
<td>0</td>
<td>org.artifactory.model.common.RepoPathTest@154f6d51</td></tr>
<tr>
<td title='org.artifactory.api.fs.FileAdditionalInfoTest.settingChecksums()'><b>settingChecksums</b><br>Test class: org.artifactory.api.fs.FileAdditionalInfoTest</td>
<td></td>
<td>0</td>
<td>org.artifactory.api.fs.FileAdditionalInfoTest@41aa7618</td></tr>
<tr>
<td title='org.artifactory.factory.xstream.ChecksumsInfoConverterTest.testConversion()'><b>testConversion</b><br>Test class: org.artifactory.factory.xstream.ChecksumsInfoConverterTest</td>
<td></td>
<td>0</td>
<td>org.artifactory.factory.xstream.ChecksumsInfoConverterTest@438da386</td></tr>
<tr>
<td title='org.artifactory.factory.xstream.PropertiesConverterTest.testConversion()'><b>testConversion</b><br>Test class: org.artifactory.factory.xstream.PropertiesConverterTest</td>
<td></td>
<td>0</td>
<td>org.artifactory.factory.xstream.PropertiesConverterTest@141fe06</td></tr>
<tr>
<td title='org.artifactory.api.security.PermissionTargetInfoTest.testDefaultConstructor()'><b>testDefaultConstructor</b><br>Test class: org.artifactory.api.security.PermissionTargetInfoTest</td>
<td></td>
<td>0</td>
<td>org.artifactory.api.security.PermissionTargetInfoTest@17cdc4a5</td></tr>
<tr>
<td title='org.artifactory.api.fs.FileAdditionalInfoTest.testIsIdentical()'><b>testIsIdentical</b><br>Test class: org.artifactory.api.fs.FileAdditionalInfoTest</td>
<td></td>
<td>0</td>
<td>org.artifactory.api.fs.FileAdditionalInfoTest@41aa7618</td></tr>
<tr>
<td title='org.artifactory.api.fs.FileAdditionalInfoTest.testNotIdentical()'><b>testNotIdentical</b><br>Test class: org.artifactory.api.fs.FileAdditionalInfoTest</td>
<td></td>
<td>0</td>
<td>org.artifactory.api.fs.FileAdditionalInfoTest@41aa7618</td></tr>
<tr>
<td title='org.artifactory.model.common.RepoPathTest.toPathRootRepoPath()'><b>toPathRootRepoPath</b><br>Test class: org.artifactory.model.common.RepoPathTest</td>
<td></td>
<td>0</td>
<td>org.artifactory.model.common.RepoPathTest@154f6d51</td></tr>
<tr>
<td title='org.artifactory.model.common.RepoPathTest.toPathWithRelativePath()'><b>toPathWithRelativePath</b><br>Test class: org.artifactory.model.common.RepoPathTest</td>
<td></td>
<td>0</td>
<td>org.artifactory.model.common.RepoPathTest@154f6d51</td></tr>
</table><p>
</body>
</html>