<?xml version="1.0" encoding="UTF-8"?>
<testng-results skipped="0" failed="0" total="57" passed="57">
  <reporter-output>
  </reporter-output>
  <suite name="Command line suite" duration-ms="1073" started-at="2013-05-13T13:14:15Z" finished-at="2013-05-13T13:14:16Z">
    <groups>
    </groups>
    <test name="Command line test" duration-ms="1073" started-at="2013-05-13T13:14:15Z" finished-at="2013-05-13T13:14:16Z">
      <class name="org.artifactory.webapp.wicket.util.CronUtilsTest">
        <test-method status="PASS" signature="emptyExpression()[pri:0, instance:org.artifactory.webapp.wicket.util.CronUtilsTest@1cd1963b]" name="emptyExpression" duration-ms="44" started-at="2013-05-13T13:14:15Z" finished-at="2013-05-13T13:14:15Z">
          <reporter-output>
          </reporter-output>
        </test-method> <!-- emptyExpression -->
        <test-method status="PASS" signature="illegalExpression()[pri:0, instance:org.artifactory.webapp.wicket.util.CronUtilsTest@1cd1963b]" name="illegalExpression" duration-ms="1" started-at="2013-05-13T13:14:15Z" finished-at="2013-05-13T13:14:15Z">
          <reporter-output>
          </reporter-output>
        </test-method> <!-- illegalExpression -->
        <test-method status="PASS" signature="nextRun()[pri:0, instance:org.artifactory.webapp.wicket.util.CronUtilsTest@1cd1963b]" name="nextRun" duration-ms="5" started-at="2013-05-13T13:14:15Z" finished-at="2013-05-13T13:14:15Z">
          <reporter-output>
          </reporter-output>
        </test-method> <!-- nextRun -->
        <test-method status="PASS" signature="validExpression()[pri:0, instance:org.artifactory.webapp.wicket.util.CronUtilsTest@1cd1963b]" name="validExpression" duration-ms="3" started-at="2013-05-13T13:14:15Z" finished-at="2013-05-13T13:14:15Z">
          <reporter-output>
          </reporter-output>
        </test-method> <!-- validExpression -->
        <test-method status="PASS" signature="nullExpression()[pri:0, instance:org.artifactory.webapp.wicket.util.CronUtilsTest@1cd1963b]" name="nullExpression" duration-ms="0" started-at="2013-05-13T13:14:15Z" finished-at="2013-05-13T13:14:15Z">
          <exception class="java.lang.IllegalArgumentException">
            <message>
              <![CDATA[cronExpression cannot be null]]>
            </message>
            <full-stacktrace>
              <![CDATA[java.lang.IllegalArgumentException: cronExpression cannot be null
	at org.quartz.CronExpression.<init>(CronExpression.java:250)
	at org.quartz.CronExpression.isValidExpression(CronExpression.java:369)
	at org.artifactory.webapp.wicket.util.CronUtils.isValid(CronUtils.java:50)
	at org.artifactory.webapp.wicket.util.CronUtilsTest.nullExpression(CronUtilsTest.java:51)
	at sun.reflect.NativeMethodAccessorImpl.invoke0(Native Method)
	at sun.reflect.NativeMethodAccessorImpl.invoke(NativeMethodAccessorImpl.java:57)
	at sun.reflect.DelegatingMethodAccessorImpl.invoke(DelegatingMethodAccessorImpl.java:43)
	at java.lang.reflect.Method.invoke(Method.java:601)
	at org.testng.internal.MethodInvocationHelper.invokeMethod(MethodInvocationHelper.java:80)
	at org.testng.internal.Invoker.invokeMethod(Invoker.java:714)
	at org.testng.internal.Invoker.invokeTestMethod(Invoker.java:901)
	at org.testng.internal.Invoker.invokeTestMethods(Invoker.java:1231)
	at org.testng.internal.TestMethodWorker.invokeTestMethods(TestMethodWorker.java:127)
	at org.testng.internal.TestMethodWorker.run(TestMethodWorker.java:111)
	at org.testng.TestRunner.privateRun(TestRunner.java:767)
	at org.testng.TestRunner.run(TestRunner.java:617)
	at org.testng.SuiteRunner.runTest(SuiteRunner.java:334)
	at org.testng.SuiteRunner.runSequentially(SuiteRunner.java:329)
	at org.testng.SuiteRunner.privateRun(SuiteRunner.java:291)
	at org.testng.SuiteRunner.run(SuiteRunner.java:240)
	at org.testng.SuiteRunnerWorker.runSuite(SuiteRunnerWorker.java:52)
	at org.testng.SuiteRunnerWorker.run(SuiteRunnerWorker.java:86)
	at org.testng.TestNG.runSuitesSequentially(TestNG.java:1198)
	at org.testng.TestNG.runSuitesLocally(TestNG.java:1123)
	at org.testng.TestNG.run(TestNG.java:1031)
	at org.apache.maven.surefire.testng.TestNGExecutor.run(TestNGExecutor.java:77)
	at org.apache.maven.surefire.testng.TestNGDirectoryTestSuite.executeMulti(TestNGDirectoryTestSuite.java:189)
	at org.apache.maven.surefire.testng.TestNGDirectoryTestSuite.execute(TestNGDirectoryTestSuite.java:105)
	at org.apache.maven.surefire.testng.TestNGProvider.invoke(TestNGProvider.java:117)
	at sun.reflect.NativeMethodAccessorImpl.invoke0(Native Method)
	at sun.reflect.NativeMethodAccessorImpl.invoke(NativeMethodAccessorImpl.java:57)
	at sun.reflect.DelegatingMethodAccessorImpl.invoke(DelegatingMethodAccessorImpl.java:43)
	at java.lang.reflect.Method.invoke(Method.java:601)
	at org.apache.maven.surefire.util.ReflectionUtils.invokeMethodWithArray2(ReflectionUtils.java:208)
	at org.apache.maven.surefire.booter.ProviderFactory$ProviderProxy.invoke(ProviderFactory.java:158)
	at org.apache.maven.surefire.booter.ProviderFactory.invokeProvider(ProviderFactory.java:86)
	at org.apache.maven.surefire.booter.ForkedBooter.runSuitesInProcess(ForkedBooter.java:153)
	at org.apache.maven.surefire.booter.ForkedBooter.main(ForkedBooter.java:95)
]]>
            </full-stacktrace>
          </exception> <!-- java.lang.IllegalArgumentException -->
          <reporter-output>
          </reporter-output>
        </test-method> <!-- nullExpression -->
      </class> <!-- org.artifactory.webapp.wicket.util.CronUtilsTest -->
      <class name="org.artifactory.webapp.wicket.page.browse.treebrowser.tabs.general.dependency.MavenDependencyDeclarationProviderTest">
        <test-method status="PASS" signature="testGetDependencyDeclarationWithAllParams()[pri:0, instance:org.artifactory.webapp.wicket.page.browse.treebrowser.tabs.general.dependency.MavenDependencyDeclarationProviderTest@4ebac0ad]" name="testGetDependencyDeclarationWithAllParams" duration-ms="3" started-at="2013-05-13T13:14:15Z" finished-at="2013-05-13T13:14:15Z">
          <reporter-output>
          </reporter-output>
        </test-method> <!-- testGetDependencyDeclarationWithAllParams -->
        <test-method status="PASS" signature="testGetDependencyDeclarationWithArtifactRevision()[pri:0, instance:org.artifactory.webapp.wicket.page.browse.treebrowser.tabs.general.dependency.MavenDependencyDeclarationProviderTest@4ebac0ad]" name="testGetDependencyDeclarationWithArtifactRevision" duration-ms="3" started-at="2013-05-13T13:14:15Z" finished-at="2013-05-13T13:14:15Z">
          <reporter-output>
          </reporter-output>
        </test-method> <!-- testGetDependencyDeclarationWithArtifactRevision -->
        <test-method status="PASS" signature="testGetDependencyDeclarationWithArtifactRevisionAndClassifier()[pri:0, instance:org.artifactory.webapp.wicket.page.browse.treebrowser.tabs.general.dependency.MavenDependencyDeclarationProviderTest@4ebac0ad]" name="testGetDependencyDeclarationWithArtifactRevisionAndClassifier" duration-ms="2" started-at="2013-05-13T13:14:15Z" finished-at="2013-05-13T13:14:15Z">
          <reporter-output>
          </reporter-output>
        </test-method> <!-- testGetDependencyDeclarationWithArtifactRevisionAndClassifier -->
        <test-method status="PASS" signature="testGetDependencyDeclarationWithArtifactRevisionAndExt()[pri:0, instance:org.artifactory.webapp.wicket.page.browse.treebrowser.tabs.general.dependency.MavenDependencyDeclarationProviderTest@4ebac0ad]" name="testGetDependencyDeclarationWithArtifactRevisionAndExt" duration-ms="1" started-at="2013-05-13T13:14:15Z" finished-at="2013-05-13T13:14:15Z">
          <reporter-output>
          </reporter-output>
        </test-method> <!-- testGetDependencyDeclarationWithArtifactRevisionAndExt -->
        <test-method status="PASS" signature="testGetDependencyDeclarationWithClassifier()[pri:0, instance:org.artifactory.webapp.wicket.page.browse.treebrowser.tabs.general.dependency.MavenDependencyDeclarationProviderTest@4ebac0ad]" name="testGetDependencyDeclarationWithClassifier" duration-ms="3" started-at="2013-05-13T13:14:15Z" finished-at="2013-05-13T13:14:15Z">
          <reporter-output>
          </reporter-output>
        </test-method> <!-- testGetDependencyDeclarationWithClassifier -->
        <test-method status="PASS" signature="testGetDependencyDeclarationWithClassifierAndExt()[pri:0, instance:org.artifactory.webapp.wicket.page.browse.treebrowser.tabs.general.dependency.MavenDependencyDeclarationProviderTest@4ebac0ad]" name="testGetDependencyDeclarationWithClassifierAndExt" duration-ms="2" started-at="2013-05-13T13:14:15Z" finished-at="2013-05-13T13:14:15Z">
          <reporter-output>
          </reporter-output>
        </test-method> <!-- testGetDependencyDeclarationWithClassifierAndExt -->
        <test-method status="PASS" signature="testGetDependencyDeclarationWithExt()[pri:0, instance:org.artifactory.webapp.wicket.page.browse.treebrowser.tabs.general.dependency.MavenDependencyDeclarationProviderTest@4ebac0ad]" name="testGetDependencyDeclarationWithExt" duration-ms="1" started-at="2013-05-13T13:14:15Z" finished-at="2013-05-13T13:14:15Z">
          <reporter-output>
          </reporter-output>
        </test-method> <!-- testGetDependencyDeclarationWithExt -->
        <test-method status="PASS" signature="testGetDependencyDeclarationWithMinimalParams()[pri:0, instance:org.artifactory.webapp.wicket.page.browse.treebrowser.tabs.general.dependency.MavenDependencyDeclarationProviderTest@4ebac0ad]" name="testGetDependencyDeclarationWithMinimalParams" duration-ms="3" started-at="2013-05-13T13:14:15Z" finished-at="2013-05-13T13:14:15Z">
          <reporter-output>
          </reporter-output>
        </test-method> <!-- testGetDependencyDeclarationWithMinimalParams -->
        <test-method status="PASS" signature="testGetSyntaxType()[pri:0, instance:org.artifactory.webapp.wicket.page.browse.treebrowser.tabs.general.dependency.MavenDependencyDeclarationProviderTest@4ebac0ad]" name="testGetSyntaxType" duration-ms="0" started-at="2013-05-13T13:14:15Z" finished-at="2013-05-13T13:14:15Z">
          <reporter-output>
          </reporter-output>
        </test-method> <!-- testGetSyntaxType -->
      </class> <!-- org.artifactory.webapp.wicket.page.browse.treebrowser.tabs.general.dependency.MavenDependencyDeclarationProviderTest -->
      <class name="org.artifactory.webapp.wicket.util.DescriptionExtractorTest">
        <test-method status="PASS" signature="setup()[pri:0, instance:org.artifactory.webapp.wicket.util.DescriptionExtractorTest@52ea401c]" name="setup" is-config="true" duration-ms="105" started-at="2013-05-13T13:14:15Z" finished-at="2013-05-13T13:14:15Z">
          <reporter-output>
          </reporter-output>
        </test-method> <!-- setup -->
        <test-method status="PASS" signature="inheritedProperty()[pri:0, instance:org.artifactory.webapp.wicket.util.DescriptionExtractorTest@52ea401c]" name="inheritedProperty" duration-ms="173" started-at="2013-05-13T13:14:15Z" finished-at="2013-05-13T13:14:15Z">
          <reporter-output>
          </reporter-output>
        </test-method> <!-- inheritedProperty -->
        <test-method status="PASS" signature="nestedProperty()[pri:0, instance:org.artifactory.webapp.wicket.util.DescriptionExtractorTest@52ea401c]" name="nestedProperty" duration-ms="40" started-at="2013-05-13T13:14:15Z" finished-at="2013-05-13T13:14:15Z">
          <reporter-output>
          </reporter-output>
        </test-method> <!-- nestedProperty -->
        <test-method status="PASS" signature="noSuchProperty()[pri:0, instance:org.artifactory.webapp.wicket.util.DescriptionExtractorTest@52ea401c]" name="noSuchProperty" duration-ms="2" started-at="2013-05-13T13:14:15Z" finished-at="2013-05-13T13:14:15Z">
          <exception class="java.lang.IllegalArgumentException">
            <message>
              <![CDATA[Property field 'momo' not found!]]>
            </message>
            <full-stacktrace>
              <![CDATA[java.lang.IllegalArgumentException: Property field 'momo' not found!
	at org.artifactory.webapp.wicket.util.DescriptionExtractor.getField(DescriptionExtractor.java:103)
	at org.artifactory.webapp.wicket.util.DescriptionExtractor.getDescription(DescriptionExtractor.java:88)
	at org.artifactory.webapp.wicket.util.DescriptionExtractorTest.noSuchProperty(DescriptionExtractorTest.java:52)
	at sun.reflect.NativeMethodAccessorImpl.invoke0(Native Method)
	at sun.reflect.NativeMethodAccessorImpl.invoke(NativeMethodAccessorImpl.java:57)
	at sun.reflect.DelegatingMethodAccessorImpl.invoke(DelegatingMethodAccessorImpl.java:43)
	at java.lang.reflect.Method.invoke(Method.java:601)
	at org.testng.internal.MethodInvocationHelper.invokeMethod(MethodInvocationHelper.java:80)
	at org.testng.internal.Invoker.invokeMethod(Invoker.java:714)
	at org.testng.internal.Invoker.invokeTestMethod(Invoker.java:901)
	at org.testng.internal.Invoker.invokeTestMethods(Invoker.java:1231)
	at org.testng.internal.TestMethodWorker.invokeTestMethods(TestMethodWorker.java:127)
	at org.testng.internal.TestMethodWorker.run(TestMethodWorker.java:111)
	at org.testng.TestRunner.privateRun(TestRunner.java:767)
	at org.testng.TestRunner.run(TestRunner.java:617)
	at org.testng.SuiteRunner.runTest(SuiteRunner.java:334)
	at org.testng.SuiteRunner.runSequentially(SuiteRunner.java:329)
	at org.testng.SuiteRunner.privateRun(SuiteRunner.java:291)
	at org.testng.SuiteRunner.run(SuiteRunner.java:240)
	at org.testng.SuiteRunnerWorker.runSuite(SuiteRunnerWorker.java:52)
	at org.testng.SuiteRunnerWorker.run(SuiteRunnerWorker.java:86)
	at org.testng.TestNG.runSuitesSequentially(TestNG.java:1198)
	at org.testng.TestNG.runSuitesLocally(TestNG.java:1123)
	at org.testng.TestNG.run(TestNG.java:1031)
	at org.apache.maven.surefire.testng.TestNGExecutor.run(TestNGExecutor.java:77)
	at org.apache.maven.surefire.testng.TestNGDirectoryTestSuite.executeMulti(TestNGDirectoryTestSuite.java:189)
	at org.apache.maven.surefire.testng.TestNGDirectoryTestSuite.execute(TestNGDirectoryTestSuite.java:105)
	at org.apache.maven.surefire.testng.TestNGProvider.invoke(TestNGProvider.java:117)
	at sun.reflect.NativeMethodAccessorImpl.invoke0(Native Method)
	at sun.reflect.NativeMethodAccessorImpl.invoke(NativeMethodAccessorImpl.java:57)
	at sun.reflect.DelegatingMethodAccessorImpl.invoke(DelegatingMethodAccessorImpl.java:43)
	at java.lang.reflect.Method.invoke(Method.java:601)
	at org.apache.maven.surefire.util.ReflectionUtils.invokeMethodWithArray2(ReflectionUtils.java:208)
	at org.apache.maven.surefire.booter.ProviderFactory$ProviderProxy.invoke(ProviderFactory.java:158)
	at org.apache.maven.surefire.booter.ProviderFactory.invokeProvider(ProviderFactory.java:86)
	at org.apache.maven.surefire.booter.ForkedBooter.runSuitesInProcess(ForkedBooter.java:153)
	at org.apache.maven.surefire.booter.ForkedBooter.main(ForkedBooter.java:95)
Caused by: org.apache.wicket.WicketRuntimeException: No get method defined for class: class org.artifactory.descriptor.index.IndexerDescriptor expression: momo
	at org.apache.wicket.util.lang.PropertyResolver.getGetAndSetter(PropertyResolver.java:499)
	at org.apache.wicket.util.lang.PropertyResolver.getObjectAndGetSetter(PropertyResolver.java:341)
	at org.apache.wicket.util.lang.PropertyResolver.getObjectAndGetSetter(PropertyResolver.java:244)
	at org.apache.wicket.util.lang.PropertyResolver.getPropertyField(PropertyResolver.java:189)
	at org.artifactory.webapp.wicket.util.DescriptionExtractor.getField(DescriptionExtractor.java:101)
	... 36 more
]]>
            </full-stacktrace>
          </exception> <!-- java.lang.IllegalArgumentException -->
          <reporter-output>
          </reporter-output>
        </test-method> <!-- noSuchProperty -->
        <test-method status="PASS" signature="propertyWithElementWrapper()[pri:0, instance:org.artifactory.webapp.wicket.util.DescriptionExtractorTest@52ea401c]" name="propertyWithElementWrapper" duration-ms="61" started-at="2013-05-13T13:14:15Z" finished-at="2013-05-13T13:14:15Z">
          <reporter-output>
          </reporter-output>
        </test-method> <!-- propertyWithElementWrapper -->
        <test-method status="PASS" signature="propertyWithoutDescription()[pri:0, instance:org.artifactory.webapp.wicket.util.DescriptionExtractorTest@52ea401c]" name="propertyWithoutDescription" duration-ms="25" started-at="2013-05-13T13:14:15Z" finished-at="2013-05-13T13:14:15Z">
          <reporter-output>
          </reporter-output>
        </test-method> <!-- propertyWithoutDescription -->
        <test-method status="PASS" signature="simpleProperty()[pri:0, instance:org.artifactory.webapp.wicket.util.DescriptionExtractorTest@52ea401c]" name="simpleProperty" duration-ms="22" started-at="2013-05-13T13:14:15Z" finished-at="2013-05-13T13:14:15Z">
          <reporter-output>
          </reporter-output>
        </test-method> <!-- simpleProperty -->
        <test-method status="PASS" signature="simplePropertyDescriptionWithinCData()[pri:0, instance:org.artifactory.webapp.wicket.util.DescriptionExtractorTest@52ea401c]" name="simplePropertyDescriptionWithinCData" duration-ms="21" started-at="2013-05-13T13:14:15Z" finished-at="2013-05-13T13:14:15Z">
          <reporter-output>
          </reporter-output>
        </test-method> <!-- simplePropertyDescriptionWithinCData -->
        <test-method status="PASS" signature="xmlTypeFromClass()[pri:0, instance:org.artifactory.webapp.wicket.util.DescriptionExtractorTest@52ea401c]" name="xmlTypeFromClass" duration-ms="2" started-at="2013-05-13T13:14:15Z" finished-at="2013-05-13T13:14:15Z">
          <reporter-output>
          </reporter-output>
        </test-method> <!-- xmlTypeFromClass -->
      </class> <!-- org.artifactory.webapp.wicket.util.DescriptionExtractorTest -->
      <class name="org.artifactory.webapp.wicket.page.browse.treebrowser.tabs.general.dependency.DependencyDeclarationProviderTypeTest">
        <test-method status="PASS" signature="testDefaultValues()[pri:0, instance:org.artifactory.webapp.wicket.page.browse.treebrowser.tabs.general.dependency.DependencyDeclarationProviderTypeTest@10a22be9]" name="testDefaultValues" duration-ms="0" started-at="2013-05-13T13:14:15Z" finished-at="2013-05-13T13:14:15Z">
          <reporter-output>
          </reporter-output>
        </test-method> <!-- testDefaultValues -->
      </class> <!-- org.artifactory.webapp.wicket.page.browse.treebrowser.tabs.general.dependency.DependencyDeclarationProviderTypeTest -->
      <class name="org.artifactory.webapp.wicket.util.CssClassTest">
        <test-method status="PASS" signature="readMimeTypes()[pri:0, instance:org.artifactory.webapp.wicket.util.CssClassTest@65630be5]" name="readMimeTypes" is-config="true" duration-ms="279" started-at="2013-05-13T13:14:15Z" finished-at="2013-05-13T13:14:15Z">
          <reporter-output>
          </reporter-output>
        </test-method> <!-- readMimeTypes -->
        <test-method status="PASS" signature="bindArtifactoryHome()[pri:0, instance:org.artifactory.webapp.wicket.util.CssClassTest@65630be5]" name="bindArtifactoryHome" is-config="true" duration-ms="19" started-at="2013-05-13T13:14:15Z" finished-at="2013-05-13T13:14:15Z">
          <reporter-output>
          </reporter-output>
        </test-method> <!-- bindArtifactoryHome -->
        <test-method status="PASS" signature="genericCss()[pri:0, instance:org.artifactory.webapp.wicket.util.CssClassTest@65630be5]" name="genericCss" duration-ms="14" started-at="2013-05-13T13:14:15Z" finished-at="2013-05-13T13:14:15Z">
          <reporter-output>
          </reporter-output>
        </test-method> <!-- genericCss -->
        <test-method status="PASS" signature="unbindArtifactoryHome()[pri:0, instance:org.artifactory.webapp.wicket.util.CssClassTest@65630be5]" name="unbindArtifactoryHome" is-config="true" duration-ms="1" started-at="2013-05-13T13:14:15Z" finished-at="2013-05-13T13:14:15Z">
          <reporter-output>
          </reporter-output>
        </test-method> <!-- unbindArtifactoryHome -->
        <test-method status="PASS" signature="bindArtifactoryHome()[pri:0, instance:org.artifactory.webapp.wicket.util.CssClassTest@65630be5]" name="bindArtifactoryHome" is-config="true" duration-ms="0" started-at="2013-05-13T13:14:15Z" finished-at="2013-05-13T13:14:15Z">
          <reporter-output>
          </reporter-output>
        </test-method> <!-- bindArtifactoryHome -->
        <test-method status="PASS" signature="genericCss2()[pri:0, instance:org.artifactory.webapp.wicket.util.CssClassTest@65630be5]" name="genericCss2" duration-ms="1" started-at="2013-05-13T13:14:15Z" finished-at="2013-05-13T13:14:15Z">
          <reporter-output>
          </reporter-output>
        </test-method> <!-- genericCss2 -->
        <test-method status="PASS" signature="bindArtifactoryHome()[pri:0, instance:org.artifactory.webapp.wicket.util.CssClassTest@65630be5]" name="bindArtifactoryHome" is-config="true" duration-ms="0" started-at="2013-05-13T13:14:15Z" finished-at="2013-05-13T13:14:15Z">
          <reporter-output>
          </reporter-output>
        </test-method> <!-- bindArtifactoryHome -->
        <test-method status="PASS" signature="unbindArtifactoryHome()[pri:0, instance:org.artifactory.webapp.wicket.util.CssClassTest@65630be5]" name="unbindArtifactoryHome" is-config="true" duration-ms="0" started-at="2013-05-13T13:14:15Z" finished-at="2013-05-13T13:14:15Z">
          <reporter-output>
          </reporter-output>
        </test-method> <!-- unbindArtifactoryHome -->
        <test-method status="PASS" signature="bindArtifactoryHome()[pri:0, instance:org.artifactory.webapp.wicket.util.CssClassTest@65630be5]" name="bindArtifactoryHome" is-config="true" duration-ms="1" started-at="2013-05-13T13:14:15Z" finished-at="2013-05-13T13:14:15Z">
          <reporter-output>
          </reporter-output>
        </test-method> <!-- bindArtifactoryHome -->
        <test-method status="PASS" signature="jarCss()[pri:0, instance:org.artifactory.webapp.wicket.util.CssClassTest@65630be5]" name="jarCss" duration-ms="0" started-at="2013-05-13T13:14:15Z" finished-at="2013-05-13T13:14:15Z">
          <reporter-output>
          </reporter-output>
        </test-method> <!-- jarCss -->
        <test-method status="PASS" signature="unbindArtifactoryHome()[pri:0, instance:org.artifactory.webapp.wicket.util.CssClassTest@65630be5]" name="unbindArtifactoryHome" is-config="true" duration-ms="0" started-at="2013-05-13T13:14:15Z" finished-at="2013-05-13T13:14:15Z">
          <reporter-output>
          </reporter-output>
        </test-method> <!-- unbindArtifactoryHome -->
        <test-method status="PASS" signature="bindArtifactoryHome()[pri:0, instance:org.artifactory.webapp.wicket.util.CssClassTest@65630be5]" name="bindArtifactoryHome" is-config="true" duration-ms="1" started-at="2013-05-13T13:14:15Z" finished-at="2013-05-13T13:14:15Z">
          <reporter-output>
          </reporter-output>
        </test-method> <!-- bindArtifactoryHome -->
        <test-method status="PASS" signature="parentCss()[pri:0, instance:org.artifactory.webapp.wicket.util.CssClassTest@65630be5]" name="parentCss" duration-ms="0" started-at="2013-05-13T13:14:15Z" finished-at="2013-05-13T13:14:15Z">
          <reporter-output>
          </reporter-output>
        </test-method> <!-- parentCss -->
        <test-method status="PASS" signature="unbindArtifactoryHome()[pri:0, instance:org.artifactory.webapp.wicket.util.CssClassTest@65630be5]" name="unbindArtifactoryHome" is-config="true" duration-ms="0" started-at="2013-05-13T13:14:15Z" finished-at="2013-05-13T13:14:15Z">
          <reporter-output>
          </reporter-output>
        </test-method> <!-- unbindArtifactoryHome -->
        <test-method status="PASS" signature="pomCss()[pri:0, instance:org.artifactory.webapp.wicket.util.CssClassTest@65630be5]" name="pomCss" duration-ms="0" started-at="2013-05-13T13:14:15Z" finished-at="2013-05-13T13:14:15Z">
          <reporter-output>
          </reporter-output>
        </test-method> <!-- pomCss -->
        <test-method status="PASS" signature="unbindArtifactoryHome()[pri:0, instance:org.artifactory.webapp.wicket.util.CssClassTest@65630be5]" name="unbindArtifactoryHome" is-config="true" duration-ms="0" started-at="2013-05-13T13:14:15Z" finished-at="2013-05-13T13:14:15Z">
          <reporter-output>
          </reporter-output>
        </test-method> <!-- unbindArtifactoryHome -->
        <test-method status="PASS" signature="bindArtifactoryHome()[pri:0, instance:org.artifactory.webapp.wicket.util.CssClassTest@65630be5]" name="bindArtifactoryHome" is-config="true" duration-ms="1" started-at="2013-05-13T13:14:15Z" finished-at="2013-05-13T13:14:15Z">
          <reporter-output>
          </reporter-output>
        </test-method> <!-- bindArtifactoryHome -->
        <test-method status="PASS" signature="rarCss()[pri:0, instance:org.artifactory.webapp.wicket.util.CssClassTest@65630be5]" name="rarCss" duration-ms="0" started-at="2013-05-13T13:14:15Z" finished-at="2013-05-13T13:14:15Z">
          <reporter-output>
          </reporter-output>
        </test-method> <!-- rarCss -->
        <test-method status="PASS" signature="unbindArtifactoryHome()[pri:0, instance:org.artifactory.webapp.wicket.util.CssClassTest@65630be5]" name="unbindArtifactoryHome" is-config="true" duration-ms="0" started-at="2013-05-13T13:14:15Z" finished-at="2013-05-13T13:14:15Z">
          <reporter-output>
          </reporter-output>
        </test-method> <!-- unbindArtifactoryHome -->
        <test-method status="PASS" signature="bindArtifactoryHome()[pri:0, instance:org.artifactory.webapp.wicket.util.CssClassTest@65630be5]" name="bindArtifactoryHome" is-config="true" duration-ms="0" started-at="2013-05-13T13:14:15Z" finished-at="2013-05-13T13:14:15Z">
          <reporter-output>
          </reporter-output>
        </test-method> <!-- bindArtifactoryHome -->
        <test-method status="PASS" signature="zipAsDocCss()[pri:0, instance:org.artifactory.webapp.wicket.util.CssClassTest@65630be5]" name="zipAsDocCss" duration-ms="0" started-at="2013-05-13T13:14:15Z" finished-at="2013-05-13T13:14:15Z">
          <reporter-output>
          </reporter-output>
        </test-method> <!-- zipAsDocCss -->
        <test-method status="PASS" signature="unbindArtifactoryHome()[pri:0, instance:org.artifactory.webapp.wicket.util.CssClassTest@65630be5]" name="unbindArtifactoryHome" is-config="true" duration-ms="0" started-at="2013-05-13T13:14:15Z" finished-at="2013-05-13T13:14:15Z">
          <reporter-output>
          </reporter-output>
        </test-method> <!-- unbindArtifactoryHome -->
      </class> <!-- org.artifactory.webapp.wicket.util.CssClassTest -->
      <class name="org.artifactory.webapp.wicket.page.browse.treebrowser.tabs.general.dependency.IvyDependencyDeclarationProviderTest">
        <test-method status="PASS" signature="testGetDependencyDeclarationWithAllParams()[pri:0, instance:org.artifactory.webapp.wicket.page.browse.treebrowser.tabs.general.dependency.IvyDependencyDeclarationProviderTest@46bfc63c]" name="testGetDependencyDeclarationWithAllParams" duration-ms="2" started-at="2013-05-13T13:14:15Z" finished-at="2013-05-13T13:14:15Z">
          <reporter-output>
          </reporter-output>
        </test-method> <!-- testGetDependencyDeclarationWithAllParams -->
        <test-method status="PASS" signature="testGetDependencyDeclarationWithArtifactRevision()[pri:0, instance:org.artifactory.webapp.wicket.page.browse.treebrowser.tabs.general.dependency.IvyDependencyDeclarationProviderTest@46bfc63c]" name="testGetDependencyDeclarationWithArtifactRevision" duration-ms="3" started-at="2013-05-13T13:14:15Z" finished-at="2013-05-13T13:14:15Z">
          <reporter-output>
          </reporter-output>
        </test-method> <!-- testGetDependencyDeclarationWithArtifactRevision -->
        <test-method status="PASS" signature="testGetDependencyDeclarationWithArtifactRevisionAndClassifier()[pri:0, instance:org.artifactory.webapp.wicket.page.browse.treebrowser.tabs.general.dependency.IvyDependencyDeclarationProviderTest@46bfc63c]" name="testGetDependencyDeclarationWithArtifactRevisionAndClassifier" duration-ms="2" started-at="2013-05-13T13:14:15Z" finished-at="2013-05-13T13:14:15Z">
          <reporter-output>
          </reporter-output>
        </test-method> <!-- testGetDependencyDeclarationWithArtifactRevisionAndClassifier -->
        <test-method status="PASS" signature="testGetDependencyDeclarationWithArtifactRevisionAndExt()[pri:0, instance:org.artifactory.webapp.wicket.page.browse.treebrowser.tabs.general.dependency.IvyDependencyDeclarationProviderTest@46bfc63c]" name="testGetDependencyDeclarationWithArtifactRevisionAndExt" duration-ms="1" started-at="2013-05-13T13:14:15Z" finished-at="2013-05-13T13:14:15Z">
          <reporter-output>
          </reporter-output>
        </test-method> <!-- testGetDependencyDeclarationWithArtifactRevisionAndExt -->
        <test-method status="PASS" signature="testGetDependencyDeclarationWithClassifier()[pri:0, instance:org.artifactory.webapp.wicket.page.browse.treebrowser.tabs.general.dependency.IvyDependencyDeclarationProviderTest@46bfc63c]" name="testGetDependencyDeclarationWithClassifier" duration-ms="2" started-at="2013-05-13T13:14:15Z" finished-at="2013-05-13T13:14:15Z">
          <reporter-output>
          </reporter-output>
        </test-method> <!-- testGetDependencyDeclarationWithClassifier -->
        <test-method status="PASS" signature="testGetDependencyDeclarationWithClassifierAndExt()[pri:0, instance:org.artifactory.webapp.wicket.page.browse.treebrowser.tabs.general.dependency.IvyDependencyDeclarationProviderTest@46bfc63c]" name="testGetDependencyDeclarationWithClassifierAndExt" duration-ms="2" started-at="2013-05-13T13:14:15Z" finished-at="2013-05-13T13:14:15Z">
          <reporter-output>
          </reporter-output>
        </test-method> <!-- testGetDependencyDeclarationWithClassifierAndExt -->
        <test-method status="PASS" signature="testGetDependencyDeclarationWithExt()[pri:0, instance:org.artifactory.webapp.wicket.page.browse.treebrowser.tabs.general.dependency.IvyDependencyDeclarationProviderTest@46bfc63c]" name="testGetDependencyDeclarationWithExt" duration-ms="1" started-at="2013-05-13T13:14:15Z" finished-at="2013-05-13T13:14:15Z">
          <reporter-output>
          </reporter-output>
        </test-method> <!-- testGetDependencyDeclarationWithExt -->
        <test-method status="PASS" signature="testGetDependencyDeclarationWithMinimalParams()[pri:0, instance:org.artifactory.webapp.wicket.page.browse.treebrowser.tabs.general.dependency.IvyDependencyDeclarationProviderTest@46bfc63c]" name="testGetDependencyDeclarationWithMinimalParams" duration-ms="2" started-at="2013-05-13T13:14:15Z" finished-at="2013-05-13T13:14:15Z">
          <reporter-output>
          </reporter-output>
        </test-method> <!-- testGetDependencyDeclarationWithMinimalParams -->
        <test-method status="PASS" signature="testGetSyntaxType()[pri:0, instance:org.artifactory.webapp.wicket.page.browse.treebrowser.tabs.general.dependency.IvyDependencyDeclarationProviderTest@46bfc63c]" name="testGetSyntaxType" duration-ms="0" started-at="2013-05-13T13:14:15Z" finished-at="2013-05-13T13:14:15Z">
          <reporter-output>
          </reporter-output>
        </test-method> <!-- testGetSyntaxType -->
      </class> <!-- org.artifactory.webapp.wicket.page.browse.treebrowser.tabs.general.dependency.IvyDependencyDeclarationProviderTest -->
      <class name="org.artifactory.webapp.wicket.page.browse.treebrowser.tabs.general.dependency.GradleDependencyDeclarationProviderTest">
        <test-method status="PASS" signature="testGetDependencyDeclarationWithAllParams()[pri:0, instance:org.artifactory.webapp.wicket.page.browse.treebrowser.tabs.general.dependency.GradleDependencyDeclarationProviderTest@586fb16d]" name="testGetDependencyDeclarationWithAllParams" duration-ms="10" started-at="2013-05-13T13:14:15Z" finished-at="2013-05-13T13:14:15Z">
          <reporter-output>
          </reporter-output>
        </test-method> <!-- testGetDependencyDeclarationWithAllParams -->
        <test-method status="PASS" signature="testGetDependencyDeclarationWithArtifactRevision()[pri:0, instance:org.artifactory.webapp.wicket.page.browse.treebrowser.tabs.general.dependency.GradleDependencyDeclarationProviderTest@586fb16d]" name="testGetDependencyDeclarationWithArtifactRevision" duration-ms="2" started-at="2013-05-13T13:14:15Z" finished-at="2013-05-13T13:14:15Z">
          <reporter-output>
          </reporter-output>
        </test-method> <!-- testGetDependencyDeclarationWithArtifactRevision -->
        <test-method status="PASS" signature="testGetDependencyDeclarationWithArtifactRevisionAndClassifier()[pri:0, instance:org.artifactory.webapp.wicket.page.browse.treebrowser.tabs.general.dependency.GradleDependencyDeclarationProviderTest@586fb16d]" name="testGetDependencyDeclarationWithArtifactRevisionAndClassifier" duration-ms="2" started-at="2013-05-13T13:14:15Z" finished-at="2013-05-13T13:14:15Z">
          <reporter-output>
          </reporter-output>
        </test-method> <!-- testGetDependencyDeclarationWithArtifactRevisionAndClassifier -->
        <test-method status="PASS" signature="testGetDependencyDeclarationWithArtifactRevisionAndExt()[pri:0, instance:org.artifactory.webapp.wicket.page.browse.treebrowser.tabs.general.dependency.GradleDependencyDeclarationProviderTest@586fb16d]" name="testGetDependencyDeclarationWithArtifactRevisionAndExt" duration-ms="0" started-at="2013-05-13T13:14:15Z" finished-at="2013-05-13T13:14:15Z">
          <reporter-output>
          </reporter-output>
        </test-method> <!-- testGetDependencyDeclarationWithArtifactRevisionAndExt -->
        <test-method status="PASS" signature="testGetDependencyDeclarationWithClassifier()[pri:0, instance:org.artifactory.webapp.wicket.page.browse.treebrowser.tabs.general.dependency.GradleDependencyDeclarationProviderTest@586fb16d]" name="testGetDependencyDeclarationWithClassifier" duration-ms="1" started-at="2013-05-13T13:14:15Z" finished-at="2013-05-13T13:14:15Z">
          <reporter-output>
          </reporter-output>
        </test-method> <!-- testGetDependencyDeclarationWithClassifier -->
        <test-method status="PASS" signature="testGetDependencyDeclarationWithClassifierAndExt()[pri:0, instance:org.artifactory.webapp.wicket.page.browse.treebrowser.tabs.general.dependency.GradleDependencyDeclarationProviderTest@586fb16d]" name="testGetDependencyDeclarationWithClassifierAndExt" duration-ms="1" started-at="2013-05-13T13:14:15Z" finished-at="2013-05-13T13:14:15Z">
          <reporter-output>
          </reporter-output>
        </test-method> <!-- testGetDependencyDeclarationWithClassifierAndExt -->
        <test-method status="PASS" signature="testGetDependencyDeclarationWithExt()[pri:0, instance:org.artifactory.webapp.wicket.page.browse.treebrowser.tabs.general.dependency.GradleDependencyDeclarationProviderTest@586fb16d]" name="testGetDependencyDeclarationWithExt" duration-ms="0" started-at="2013-05-13T13:14:15Z" finished-at="2013-05-13T13:14:15Z">
          <reporter-output>
          </reporter-output>
        </test-method> <!-- testGetDependencyDeclarationWithExt -->
        <test-method status="PASS" signature="testGetDependencyDeclarationWithMinimalParams()[pri:0, instance:org.artifactory.webapp.wicket.page.browse.treebrowser.tabs.general.dependency.GradleDependencyDeclarationProviderTest@586fb16d]" name="testGetDependencyDeclarationWithMinimalParams" duration-ms="1" started-at="2013-05-13T13:14:15Z" finished-at="2013-05-13T13:14:15Z">
          <reporter-output>
          </reporter-output>
        </test-method> <!-- testGetDependencyDeclarationWithMinimalParams -->
        <test-method status="PASS" signature="testGetSyntaxType()[pri:0, instance:org.artifactory.webapp.wicket.page.browse.treebrowser.tabs.general.dependency.GradleDependencyDeclarationProviderTest@586fb16d]" name="testGetSyntaxType" duration-ms="10" started-at="2013-05-13T13:14:15Z" finished-at="2013-05-13T13:14:15Z">
          <reporter-output>
          </reporter-output>
        </test-method> <!-- testGetSyntaxType -->
      </class> <!-- org.artifactory.webapp.wicket.page.browse.treebrowser.tabs.general.dependency.GradleDependencyDeclarationProviderTest -->
      <class name="org.artifactory.webapp.wicket.util.validation.UriValidatorTest">
        <test-method status="PASS" signature="setUp()[pri:0, instance:org.artifactory.webapp.wicket.util.validation.UriValidatorTest@49a21b63]" name="setUp" is-config="true" duration-ms="30" started-at="2013-05-13T13:14:15Z" finished-at="2013-05-13T13:14:15Z">
          <reporter-output>
          </reporter-output>
        </test-method> <!-- setUp -->
        <test-method status="PASS" signature="httpHostname()[pri:0, instance:org.artifactory.webapp.wicket.util.validation.UriValidatorTest@49a21b63]" name="httpHostname" duration-ms="42" started-at="2013-05-13T13:14:15Z" finished-at="2013-05-13T13:14:16Z">
          <reporter-output>
          </reporter-output>
        </test-method> <!-- httpHostname -->
        <test-method status="PASS" signature="setUp()[pri:0, instance:org.artifactory.webapp.wicket.util.validation.UriValidatorTest@49a21b63]" name="setUp" is-config="true" duration-ms="0" started-at="2013-05-13T13:14:16Z" finished-at="2013-05-13T13:14:16Z">
          <reporter-output>
          </reporter-output>
        </test-method> <!-- setUp -->
        <test-method status="PASS" signature="httpHostnameWithUnderscore()[pri:0, instance:org.artifactory.webapp.wicket.util.validation.UriValidatorTest@49a21b63]" name="httpHostnameWithUnderscore" duration-ms="1" started-at="2013-05-13T13:14:16Z" finished-at="2013-05-13T13:14:16Z">
          <reporter-output>
          </reporter-output>
        </test-method> <!-- httpHostnameWithUnderscore -->
        <test-method status="PASS" signature="setUp()[pri:0, instance:org.artifactory.webapp.wicket.util.validation.UriValidatorTest@49a21b63]" name="setUp" is-config="true" duration-ms="0" started-at="2013-05-13T13:14:16Z" finished-at="2013-05-13T13:14:16Z">
          <reporter-output>
          </reporter-output>
        </test-method> <!-- setUp -->
        <test-method status="PASS" signature="httpIp()[pri:0, instance:org.artifactory.webapp.wicket.util.validation.UriValidatorTest@49a21b63]" name="httpIp" duration-ms="1" started-at="2013-05-13T13:14:16Z" finished-at="2013-05-13T13:14:16Z">
          <reporter-output>
          </reporter-output>
        </test-method> <!-- httpIp -->
        <test-method status="PASS" signature="invalidHostname()[pri:0, instance:org.artifactory.webapp.wicket.util.validation.UriValidatorTest@49a21b63]" name="invalidHostname" duration-ms="4" started-at="2013-05-13T13:14:16Z" finished-at="2013-05-13T13:14:16Z">
          <reporter-output>
          </reporter-output>
        </test-method> <!-- invalidHostname -->
        <test-method status="PASS" signature="setUp()[pri:0, instance:org.artifactory.webapp.wicket.util.validation.UriValidatorTest@49a21b63]" name="setUp" is-config="true" duration-ms="0" started-at="2013-05-13T13:14:16Z" finished-at="2013-05-13T13:14:16Z">
          <reporter-output>
          </reporter-output>
        </test-method> <!-- setUp -->
        <test-method status="PASS" signature="setUp()[pri:0, instance:org.artifactory.webapp.wicket.util.validation.UriValidatorTest@49a21b63]" name="setUp" is-config="true" duration-ms="1" started-at="2013-05-13T13:14:16Z" finished-at="2013-05-13T13:14:16Z">
          <reporter-output>
          </reporter-output>
        </test-method> <!-- setUp -->
        <test-method status="PASS" signature="invalidSchema()[pri:0, instance:org.artifactory.webapp.wicket.util.validation.UriValidatorTest@49a21b63]" name="invalidSchema" duration-ms="0" started-at="2013-05-13T13:14:16Z" finished-at="2013-05-13T13:14:16Z">
          <reporter-output>
          </reporter-output>
        </test-method> <!-- invalidSchema -->
      </class> <!-- org.artifactory.webapp.wicket.util.validation.UriValidatorTest -->
      <class name="org.artifactory.addon.wicket.WicketAddonsImplTest">
        <test-method status="PASS" signature="setUp()[pri:0, instance:org.artifactory.addon.wicket.WicketAddonsImplTest@3be16732]" name="setUp" is-config="true" duration-ms="54" started-at="2013-05-13T13:14:16Z" finished-at="2013-05-13T13:14:16Z">
          <reporter-output>
          </reporter-output>
        </test-method> <!-- setUp -->
        <test-method status="PASS" signature="reset()[pri:0, instance:org.artifactory.addon.wicket.WicketAddonsImplTest@3be16732]" name="reset" is-config="true" duration-ms="0" started-at="2013-05-13T13:14:16Z" finished-at="2013-05-13T13:14:16Z">
          <reporter-output>
          </reporter-output>
        </test-method> <!-- reset -->
        <test-method status="PASS" signature="testValidateLicenseTargetISame()[pri:0, instance:org.artifactory.addon.wicket.WicketAddonsImplTest@3be16732]" name="testValidateLicenseTargetISame" duration-ms="1" started-at="2013-05-13T13:14:16Z" finished-at="2013-05-13T13:14:16Z">
          <exception class="java.lang.IllegalArgumentException">
            <message>
              <![CDATA[Replication between same-license servers is not supported.]]>
            </message>
            <full-stacktrace>
              <![CDATA[java.lang.IllegalArgumentException: Replication between same-license servers is not supported.
	at org.artifactory.addon.wicket.WicketAddonsImpl.validateTargetHasDifferentLicenseKeyHash(WicketAddonsImpl.java:882)
	at org.artifactory.addon.wicket.WicketAddonsImplTest.testValidateLicenseTargetISame(WicketAddonsImplTest.java:97)
	at sun.reflect.NativeMethodAccessorImpl.invoke0(Native Method)
	at sun.reflect.NativeMethodAccessorImpl.invoke(NativeMethodAccessorImpl.java:57)
	at sun.reflect.DelegatingMethodAccessorImpl.invoke(DelegatingMethodAccessorImpl.java:43)
	at java.lang.reflect.Method.invoke(Method.java:601)
	at org.testng.internal.MethodInvocationHelper.invokeMethod(MethodInvocationHelper.java:80)
	at org.testng.internal.Invoker.invokeMethod(Invoker.java:714)
	at org.testng.internal.Invoker.invokeTestMethod(Invoker.java:901)
	at org.testng.internal.Invoker.invokeTestMethods(Invoker.java:1231)
	at org.testng.internal.TestMethodWorker.invokeTestMethods(TestMethodWorker.java:127)
	at org.testng.internal.TestMethodWorker.run(TestMethodWorker.java:111)
	at org.testng.TestRunner.privateRun(TestRunner.java:767)
	at org.testng.TestRunner.run(TestRunner.java:617)
	at org.testng.SuiteRunner.runTest(SuiteRunner.java:334)
	at org.testng.SuiteRunner.runSequentially(SuiteRunner.java:329)
	at org.testng.SuiteRunner.privateRun(SuiteRunner.java:291)
	at org.testng.SuiteRunner.run(SuiteRunner.java:240)
	at org.testng.SuiteRunnerWorker.runSuite(SuiteRunnerWorker.java:52)
	at org.testng.SuiteRunnerWorker.run(SuiteRunnerWorker.java:86)
	at org.testng.TestNG.runSuitesSequentially(TestNG.java:1198)
	at org.testng.TestNG.runSuitesLocally(TestNG.java:1123)
	at org.testng.TestNG.run(TestNG.java:1031)
	at org.apache.maven.surefire.testng.TestNGExecutor.run(TestNGExecutor.java:77)
	at org.apache.maven.surefire.testng.TestNGDirectoryTestSuite.executeMulti(TestNGDirectoryTestSuite.java:189)
	at org.apache.maven.surefire.testng.TestNGDirectoryTestSuite.execute(TestNGDirectoryTestSuite.java:105)
	at org.apache.maven.surefire.testng.TestNGProvider.invoke(TestNGProvider.java:117)
	at sun.reflect.NativeMethodAccessorImpl.invoke0(Native Method)
	at sun.reflect.NativeMethodAccessorImpl.invoke(NativeMethodAccessorImpl.java:57)
	at sun.reflect.DelegatingMethodAccessorImpl.invoke(DelegatingMethodAccessorImpl.java:43)
	at java.lang.reflect.Method.invoke(Method.java:601)
	at org.apache.maven.surefire.util.ReflectionUtils.invokeMethodWithArray2(ReflectionUtils.java:208)
	at org.apache.maven.surefire.booter.ProviderFactory$ProviderProxy.invoke(ProviderFactory.java:158)
	at org.apache.maven.surefire.booter.ProviderFactory.invokeProvider(ProviderFactory.java:86)
	at org.apache.maven.surefire.booter.ForkedBooter.runSuitesInProcess(ForkedBooter.java:153)
	at org.apache.maven.surefire.booter.ForkedBooter.main(ForkedBooter.java:95)
]]>
            </full-stacktrace>
          </exception> <!-- java.lang.IllegalArgumentException -->
          <reporter-output>
          </reporter-output>
        </test-method> <!-- testValidateLicenseTargetISame -->
        <test-method status="PASS" signature="reset()[pri:0, instance:org.artifactory.addon.wicket.WicketAddonsImplTest@3be16732]" name="reset" is-config="true" duration-ms="0" started-at="2013-05-13T13:14:16Z" finished-at="2013-05-13T13:14:16Z">
          <reporter-output>
          </reporter-output>
        </test-method> <!-- reset -->
        <test-method status="PASS" signature="testValidateLicenseTargetIsTrial()[pri:0, instance:org.artifactory.addon.wicket.WicketAddonsImplTest@3be16732]" name="testValidateLicenseTargetIsTrial" duration-ms="1" started-at="2013-05-13T13:14:16Z" finished-at="2013-05-13T13:14:16Z">
          <reporter-output>
          </reporter-output>
        </test-method> <!-- testValidateLicenseTargetIsTrial -->
        <test-method status="PASS" signature="reset()[pri:0, instance:org.artifactory.addon.wicket.WicketAddonsImplTest@3be16732]" name="reset" is-config="true" duration-ms="1" started-at="2013-05-13T13:14:16Z" finished-at="2013-05-13T13:14:16Z">
          <reporter-output>
          </reporter-output>
        </test-method> <!-- reset -->
        <test-method status="PASS" signature="testValidateLicenseTargetIsnullOSS()[pri:0, instance:org.artifactory.addon.wicket.WicketAddonsImplTest@3be16732]" name="testValidateLicenseTargetIsnullOSS" duration-ms="0" started-at="2013-05-13T13:14:16Z" finished-at="2013-05-13T13:14:16Z">
          <exception class="java.lang.IllegalArgumentException">
            <message>
              <![CDATA[Replication between an open-source Artifactory instance is not supported.]]>
            </message>
            <full-stacktrace>
              <![CDATA[java.lang.IllegalArgumentException: Replication between an open-source Artifactory instance is not supported.
	at org.artifactory.addon.wicket.WicketAddonsImpl.validateTargetHasDifferentLicenseKeyHash(WicketAddonsImpl.java:874)
	at org.artifactory.addon.wicket.WicketAddonsImplTest.testValidateLicenseTargetIsnullOSS(WicketAddonsImplTest.java:76)
	at sun.reflect.NativeMethodAccessorImpl.invoke0(Native Method)
	at sun.reflect.NativeMethodAccessorImpl.invoke(NativeMethodAccessorImpl.java:57)
	at sun.reflect.DelegatingMethodAccessorImpl.invoke(DelegatingMethodAccessorImpl.java:43)
	at java.lang.reflect.Method.invoke(Method.java:601)
	at org.testng.internal.MethodInvocationHelper.invokeMethod(MethodInvocationHelper.java:80)
	at org.testng.internal.Invoker.invokeMethod(Invoker.java:714)
	at org.testng.internal.Invoker.invokeTestMethod(Invoker.java:901)
	at org.testng.internal.Invoker.invokeTestMethods(Invoker.java:1231)
	at org.testng.internal.TestMethodWorker.invokeTestMethods(TestMethodWorker.java:127)
	at org.testng.internal.TestMethodWorker.run(TestMethodWorker.java:111)
	at org.testng.TestRunner.privateRun(TestRunner.java:767)
	at org.testng.TestRunner.run(TestRunner.java:617)
	at org.testng.SuiteRunner.runTest(SuiteRunner.java:334)
	at org.testng.SuiteRunner.runSequentially(SuiteRunner.java:329)
	at org.testng.SuiteRunner.privateRun(SuiteRunner.java:291)
	at org.testng.SuiteRunner.run(SuiteRunner.java:240)
	at org.testng.SuiteRunnerWorker.runSuite(SuiteRunnerWorker.java:52)
	at org.testng.SuiteRunnerWorker.run(SuiteRunnerWorker.java:86)
	at org.testng.TestNG.runSuitesSequentially(TestNG.java:1198)
	at org.testng.TestNG.runSuitesLocally(TestNG.java:1123)
	at org.testng.TestNG.run(TestNG.java:1031)
	at org.apache.maven.surefire.testng.TestNGExecutor.run(TestNGExecutor.java:77)
	at org.apache.maven.surefire.testng.TestNGDirectoryTestSuite.executeMulti(TestNGDirectoryTestSuite.java:189)
	at org.apache.maven.surefire.testng.TestNGDirectoryTestSuite.execute(TestNGDirectoryTestSuite.java:105)
	at org.apache.maven.surefire.testng.TestNGProvider.invoke(TestNGProvider.java:117)
	at sun.reflect.NativeMethodAccessorImpl.invoke0(Native Method)
	at sun.reflect.NativeMethodAccessorImpl.invoke(NativeMethodAccessorImpl.java:57)
	at sun.reflect.DelegatingMethodAccessorImpl.invoke(DelegatingMethodAccessorImpl.java:43)
	at java.lang.reflect.Method.invoke(Method.java:601)
	at org.apache.maven.surefire.util.ReflectionUtils.invokeMethodWithArray2(ReflectionUtils.java:208)
	at org.apache.maven.surefire.booter.ProviderFactory$ProviderProxy.invoke(ProviderFactory.java:158)
	at org.apache.maven.surefire.booter.ProviderFactory.invokeProvider(ProviderFactory.java:86)
	at org.apache.maven.surefire.booter.ForkedBooter.runSuitesInProcess(ForkedBooter.java:153)
	at org.apache.maven.surefire.booter.ForkedBooter.main(ForkedBooter.java:95)
]]>
            </full-stacktrace>
          </exception> <!-- java.lang.IllegalArgumentException -->
          <reporter-output>
          </reporter-output>
        </test-method> <!-- testValidateLicenseTargetIsnullOSS -->
        <test-method status="PASS" signature="reset()[pri:0, instance:org.artifactory.addon.wicket.WicketAddonsImplTest@3be16732]" name="reset" is-config="true" duration-ms="0" started-at="2013-05-13T13:14:16Z" finished-at="2013-05-13T13:14:16Z">
          <reporter-output>
          </reporter-output>
        </test-method> <!-- reset -->
        <test-method status="PASS" signature="testValidateLicenseTargetIsnullPro()[pri:0, instance:org.artifactory.addon.wicket.WicketAddonsImplTest@3be16732]" name="testValidateLicenseTargetIsnullPro" duration-ms="3" started-at="2013-05-13T13:14:16Z" finished-at="2013-05-13T13:14:16Z">
          <exception class="java.lang.IllegalArgumentException">
            <message>
              <![CDATA[Could not retrieve license key from remote target, user must have deploy permissions.]]>
            </message>
            <full-stacktrace>
              <![CDATA[java.lang.IllegalArgumentException: Could not retrieve license key from remote target, user must have deploy permissions.
	at org.artifactory.addon.wicket.WicketAddonsImpl.validateTargetHasDifferentLicenseKeyHash(WicketAddonsImpl.java:878)
	at org.artifactory.addon.wicket.WicketAddonsImplTest.testValidateLicenseTargetIsnullPro(WicketAddonsImplTest.java:86)
	at sun.reflect.NativeMethodAccessorImpl.invoke0(Native Method)
	at sun.reflect.NativeMethodAccessorImpl.invoke(NativeMethodAccessorImpl.java:57)
	at sun.reflect.DelegatingMethodAccessorImpl.invoke(DelegatingMethodAccessorImpl.java:43)
	at java.lang.reflect.Method.invoke(Method.java:601)
	at org.testng.internal.MethodInvocationHelper.invokeMethod(MethodInvocationHelper.java:80)
	at org.testng.internal.Invoker.invokeMethod(Invoker.java:714)
	at org.testng.internal.Invoker.invokeTestMethod(Invoker.java:901)
	at org.testng.internal.Invoker.invokeTestMethods(Invoker.java:1231)
	at org.testng.internal.TestMethodWorker.invokeTestMethods(TestMethodWorker.java:127)
	at org.testng.internal.TestMethodWorker.run(TestMethodWorker.java:111)
	at org.testng.TestRunner.privateRun(TestRunner.java:767)
	at org.testng.TestRunner.run(TestRunner.java:617)
	at org.testng.SuiteRunner.runTest(SuiteRunner.java:334)
	at org.testng.SuiteRunner.runSequentially(SuiteRunner.java:329)
	at org.testng.SuiteRunner.privateRun(SuiteRunner.java:291)
	at org.testng.SuiteRunner.run(SuiteRunner.java:240)
	at org.testng.SuiteRunnerWorker.runSuite(SuiteRunnerWorker.java:52)
	at org.testng.SuiteRunnerWorker.run(SuiteRunnerWorker.java:86)
	at org.testng.TestNG.runSuitesSequentially(TestNG.java:1198)
	at org.testng.TestNG.runSuitesLocally(TestNG.java:1123)
	at org.testng.TestNG.run(TestNG.java:1031)
	at org.apache.maven.surefire.testng.TestNGExecutor.run(TestNGExecutor.java:77)
	at org.apache.maven.surefire.testng.TestNGDirectoryTestSuite.executeMulti(TestNGDirectoryTestSuite.java:189)
	at org.apache.maven.surefire.testng.TestNGDirectoryTestSuite.execute(TestNGDirectoryTestSuite.java:105)
	at org.apache.maven.surefire.testng.TestNGProvider.invoke(TestNGProvider.java:117)
	at sun.reflect.NativeMethodAccessorImpl.invoke0(Native Method)
	at sun.reflect.NativeMethodAccessorImpl.invoke(NativeMethodAccessorImpl.java:57)
	at sun.reflect.DelegatingMethodAccessorImpl.invoke(DelegatingMethodAccessorImpl.java:43)
	at java.lang.reflect.Method.invoke(Method.java:601)
	at org.apache.maven.surefire.util.ReflectionUtils.invokeMethodWithArray2(ReflectionUtils.java:208)
	at org.apache.maven.surefire.booter.ProviderFactory$ProviderProxy.invoke(ProviderFactory.java:158)
	at org.apache.maven.surefire.booter.ProviderFactory.invokeProvider(ProviderFactory.java:86)
	at org.apache.maven.surefire.booter.ForkedBooter.runSuitesInProcess(ForkedBooter.java:153)
	at org.apache.maven.surefire.booter.ForkedBooter.main(ForkedBooter.java:95)
]]>
            </full-stacktrace>
          </exception> <!-- java.lang.IllegalArgumentException -->
          <reporter-output>
          </reporter-output>
        </test-method> <!-- testValidateLicenseTargetIsnullPro -->
        <test-method status="PASS" signature="tearDown()[pri:0, instance:org.artifactory.addon.wicket.WicketAddonsImplTest@3be16732]" name="tearDown" is-config="true" duration-ms="0" started-at="2013-05-13T13:14:16Z" finished-at="2013-05-13T13:14:16Z">
          <reporter-output>
          </reporter-output>
        </test-method> <!-- tearDown -->
      </class> <!-- org.artifactory.addon.wicket.WicketAddonsImplTest -->
    </test> <!-- Command line test -->
  </suite> <!-- Command line suite -->
</testng-results>
